[2022-01-26 08:52:12,237] {processor.py:163} INFO - Started process (PID=30766) to work on /usr/local/lib/python3.9/site-packages/airflow/example_dags/example_task_group.py
[2022-01-26 08:52:12,238] {processor.py:642} INFO - Processing file /usr/local/lib/python3.9/site-packages/airflow/example_dags/example_task_group.py for tasks to queue
[2022-01-26 08:52:12,238] {logging_mixin.py:109} INFO - [2022-01-26 08:52:12,238] {dagbag.py:500} INFO - Filling up the DagBag from /usr/local/lib/python3.9/site-packages/airflow/example_dags/example_task_group.py
[2022-01-26 08:52:12,263] {processor.py:654} INFO - DAG(s) dict_keys(['example_task_group']) retrieved from /usr/local/lib/python3.9/site-packages/airflow/example_dags/example_task_group.py
[2022-01-26 08:52:12,281] {logging_mixin.py:109} INFO - [2022-01-26 08:52:12,281] {dag.py:2396} INFO - Sync 1 DAGs
[2022-01-26 08:52:12,289] {logging_mixin.py:109} INFO - [2022-01-26 08:52:12,289] {dag.py:2935} INFO - Setting next_dagrun for example_task_group to 2022-01-25T11:52:12.289675+00:00
[2022-01-26 08:52:12,295] {processor.py:171} INFO - Processing /usr/local/lib/python3.9/site-packages/airflow/example_dags/example_task_group.py took 0.058 seconds
[2022-01-26 08:56:21,422] {processor.py:163} INFO - Started process (PID=31043) to work on /usr/local/lib/python3.9/site-packages/airflow/example_dags/example_task_group.py
[2022-01-26 08:56:21,422] {processor.py:642} INFO - Processing file /usr/local/lib/python3.9/site-packages/airflow/example_dags/example_task_group.py for tasks to queue
[2022-01-26 08:56:21,423] {logging_mixin.py:109} INFO - [2022-01-26 08:56:21,422] {dagbag.py:500} INFO - Filling up the DagBag from /usr/local/lib/python3.9/site-packages/airflow/example_dags/example_task_group.py
[2022-01-26 08:56:21,455] {processor.py:654} INFO - DAG(s) dict_keys(['example_task_group']) retrieved from /usr/local/lib/python3.9/site-packages/airflow/example_dags/example_task_group.py
[2022-01-26 08:56:21,471] {logging_mixin.py:109} INFO - [2022-01-26 08:56:21,471] {dag.py:2396} INFO - Sync 1 DAGs
[2022-01-26 08:56:21,479] {logging_mixin.py:109} INFO - [2022-01-26 08:56:21,478] {dag.py:2935} INFO - Setting next_dagrun for example_task_group to 2022-01-25T11:56:21.478703+00:00
[2022-01-26 08:56:21,485] {processor.py:171} INFO - Processing /usr/local/lib/python3.9/site-packages/airflow/example_dags/example_task_group.py took 0.064 seconds
[2022-01-26 08:57:41,192] {processor.py:163} INFO - Started process (PID=31131) to work on /usr/local/lib/python3.9/site-packages/airflow/example_dags/example_task_group.py
[2022-01-26 08:57:41,193] {processor.py:642} INFO - Processing file /usr/local/lib/python3.9/site-packages/airflow/example_dags/example_task_group.py for tasks to queue
[2022-01-26 08:57:41,194] {logging_mixin.py:109} INFO - [2022-01-26 08:57:41,193] {dagbag.py:500} INFO - Filling up the DagBag from /usr/local/lib/python3.9/site-packages/airflow/example_dags/example_task_group.py
[2022-01-26 08:57:41,261] {processor.py:654} INFO - DAG(s) dict_keys(['example_task_group']) retrieved from /usr/local/lib/python3.9/site-packages/airflow/example_dags/example_task_group.py
[2022-01-26 08:57:41,307] {logging_mixin.py:109} INFO - [2022-01-26 08:57:41,306] {dag.py:2396} INFO - Sync 1 DAGs
[2022-01-26 08:57:41,327] {logging_mixin.py:109} INFO - [2022-01-26 08:57:41,326] {dag.py:2935} INFO - Setting next_dagrun for example_task_group to 2022-01-25T11:57:41.326748+00:00
[2022-01-26 08:57:41,339] {processor.py:171} INFO - Processing /usr/local/lib/python3.9/site-packages/airflow/example_dags/example_task_group.py took 0.147 seconds
