[2022-01-26 08:52:14,631] {processor.py:163} INFO - Started process (PID=30769) to work on /usr/local/lib/python3.9/site-packages/airflow/example_dags/example_subdag_operator.py
[2022-01-26 08:52:14,632] {processor.py:642} INFO - Processing file /usr/local/lib/python3.9/site-packages/airflow/example_dags/example_subdag_operator.py for tasks to queue
[2022-01-26 08:52:14,632] {logging_mixin.py:109} INFO - [2022-01-26 08:52:14,632] {dagbag.py:500} INFO - Filling up the DagBag from /usr/local/lib/python3.9/site-packages/airflow/example_dags/example_subdag_operator.py
[2022-01-26 08:52:14,665] {processor.py:654} INFO - DAG(s) dict_keys(['example_subdag_operator.section-1', 'example_subdag_operator.section-2', 'example_subdag_operator']) retrieved from /usr/local/lib/python3.9/site-packages/airflow/example_dags/example_subdag_operator.py
[2022-01-26 08:52:14,684] {logging_mixin.py:109} INFO - [2022-01-26 08:52:14,684] {dag.py:2396} INFO - Sync 3 DAGs
[2022-01-26 08:52:14,693] {logging_mixin.py:109} INFO - [2022-01-26 08:52:14,693] {dag.py:2935} INFO - Setting next_dagrun for example_subdag_operator to 2022-01-24T00:00:00+00:00
[2022-01-26 08:52:14,693] {logging_mixin.py:109} INFO - [2022-01-26 08:52:14,693] {dag.py:2935} INFO - Setting next_dagrun for example_subdag_operator.section-1 to None
[2022-01-26 08:52:14,693] {logging_mixin.py:109} INFO - [2022-01-26 08:52:14,693] {dag.py:2935} INFO - Setting next_dagrun for example_subdag_operator.section-2 to None
[2022-01-26 08:52:14,696] {logging_mixin.py:109} INFO - [2022-01-26 08:52:14,696] {dag.py:2396} INFO - Sync 2 DAGs
[2022-01-26 08:52:14,700] {logging_mixin.py:109} INFO - [2022-01-26 08:52:14,700] {dag.py:2935} INFO - Setting next_dagrun for example_subdag_operator.section-1 to None
[2022-01-26 08:52:14,700] {logging_mixin.py:109} INFO - [2022-01-26 08:52:14,700] {dag.py:2935} INFO - Setting next_dagrun for example_subdag_operator.section-2 to None
[2022-01-26 08:52:14,705] {processor.py:171} INFO - Processing /usr/local/lib/python3.9/site-packages/airflow/example_dags/example_subdag_operator.py took 0.074 seconds
[2022-01-26 08:56:22,834] {processor.py:163} INFO - Started process (PID=31045) to work on /usr/local/lib/python3.9/site-packages/airflow/example_dags/example_subdag_operator.py
[2022-01-26 08:56:22,836] {processor.py:642} INFO - Processing file /usr/local/lib/python3.9/site-packages/airflow/example_dags/example_subdag_operator.py for tasks to queue
[2022-01-26 08:56:22,837] {logging_mixin.py:109} INFO - [2022-01-26 08:56:22,836] {dagbag.py:500} INFO - Filling up the DagBag from /usr/local/lib/python3.9/site-packages/airflow/example_dags/example_subdag_operator.py
[2022-01-26 08:56:22,871] {processor.py:654} INFO - DAG(s) dict_keys(['example_subdag_operator.section-1', 'example_subdag_operator.section-2', 'example_subdag_operator']) retrieved from /usr/local/lib/python3.9/site-packages/airflow/example_dags/example_subdag_operator.py
[2022-01-26 08:56:22,887] {logging_mixin.py:109} INFO - [2022-01-26 08:56:22,887] {dag.py:2396} INFO - Sync 3 DAGs
[2022-01-26 08:56:22,894] {logging_mixin.py:109} INFO - [2022-01-26 08:56:22,894] {dag.py:2935} INFO - Setting next_dagrun for example_subdag_operator to 2022-01-24T00:00:00+00:00
[2022-01-26 08:56:22,894] {logging_mixin.py:109} INFO - [2022-01-26 08:56:22,894] {dag.py:2935} INFO - Setting next_dagrun for example_subdag_operator.section-1 to None
[2022-01-26 08:56:22,895] {logging_mixin.py:109} INFO - [2022-01-26 08:56:22,895] {dag.py:2935} INFO - Setting next_dagrun for example_subdag_operator.section-2 to None
[2022-01-26 08:56:22,898] {logging_mixin.py:109} INFO - [2022-01-26 08:56:22,898] {dag.py:2396} INFO - Sync 2 DAGs
[2022-01-26 08:56:22,902] {logging_mixin.py:109} INFO - [2022-01-26 08:56:22,902] {dag.py:2935} INFO - Setting next_dagrun for example_subdag_operator.section-1 to None
[2022-01-26 08:56:22,902] {logging_mixin.py:109} INFO - [2022-01-26 08:56:22,902] {dag.py:2935} INFO - Setting next_dagrun for example_subdag_operator.section-2 to None
[2022-01-26 08:56:22,906] {processor.py:171} INFO - Processing /usr/local/lib/python3.9/site-packages/airflow/example_dags/example_subdag_operator.py took 0.072 seconds
[2022-01-26 08:57:44,896] {processor.py:163} INFO - Started process (PID=31134) to work on /usr/local/lib/python3.9/site-packages/airflow/example_dags/example_subdag_operator.py
[2022-01-26 08:57:44,898] {processor.py:642} INFO - Processing file /usr/local/lib/python3.9/site-packages/airflow/example_dags/example_subdag_operator.py for tasks to queue
[2022-01-26 08:57:44,899] {logging_mixin.py:109} INFO - [2022-01-26 08:57:44,898] {dagbag.py:500} INFO - Filling up the DagBag from /usr/local/lib/python3.9/site-packages/airflow/example_dags/example_subdag_operator.py
[2022-01-26 08:57:44,968] {processor.py:654} INFO - DAG(s) dict_keys(['example_subdag_operator.section-1', 'example_subdag_operator.section-2', 'example_subdag_operator']) retrieved from /usr/local/lib/python3.9/site-packages/airflow/example_dags/example_subdag_operator.py
[2022-01-26 08:57:45,000] {logging_mixin.py:109} INFO - [2022-01-26 08:57:45,000] {dag.py:2396} INFO - Sync 3 DAGs
[2022-01-26 08:57:45,017] {logging_mixin.py:109} INFO - [2022-01-26 08:57:45,017] {dag.py:2935} INFO - Setting next_dagrun for example_subdag_operator to 2022-01-24T00:00:00+00:00
[2022-01-26 08:57:45,018] {logging_mixin.py:109} INFO - [2022-01-26 08:57:45,018] {dag.py:2935} INFO - Setting next_dagrun for example_subdag_operator.section-1 to None
[2022-01-26 08:57:45,018] {logging_mixin.py:109} INFO - [2022-01-26 08:57:45,018] {dag.py:2935} INFO - Setting next_dagrun for example_subdag_operator.section-2 to None
[2022-01-26 08:57:45,026] {logging_mixin.py:109} INFO - [2022-01-26 08:57:45,026] {dag.py:2396} INFO - Sync 2 DAGs
[2022-01-26 08:57:45,037] {logging_mixin.py:109} INFO - [2022-01-26 08:57:45,037] {dag.py:2935} INFO - Setting next_dagrun for example_subdag_operator.section-1 to None
[2022-01-26 08:57:45,038] {logging_mixin.py:109} INFO - [2022-01-26 08:57:45,038] {dag.py:2935} INFO - Setting next_dagrun for example_subdag_operator.section-2 to None
[2022-01-26 08:57:45,049] {processor.py:171} INFO - Processing /usr/local/lib/python3.9/site-packages/airflow/example_dags/example_subdag_operator.py took 0.154 seconds
