[2022-01-26 08:51:55,938] {processor.py:163} INFO - Started process (PID=30739) to work on /usr/local/lib/python3.9/site-packages/airflow/example_dags/tutorial_etl_dag.py
[2022-01-26 08:51:55,939] {processor.py:642} INFO - Processing file /usr/local/lib/python3.9/site-packages/airflow/example_dags/tutorial_etl_dag.py for tasks to queue
[2022-01-26 08:51:55,939] {logging_mixin.py:109} INFO - [2022-01-26 08:51:55,939] {dagbag.py:500} INFO - Filling up the DagBag from /usr/local/lib/python3.9/site-packages/airflow/example_dags/tutorial_etl_dag.py
[2022-01-26 08:51:55,977] {processor.py:654} INFO - DAG(s) dict_keys(['tutorial_etl_dag']) retrieved from /usr/local/lib/python3.9/site-packages/airflow/example_dags/tutorial_etl_dag.py
[2022-01-26 08:51:55,985] {logging_mixin.py:109} INFO - [2022-01-26 08:51:55,985] {dag.py:2396} INFO - Sync 1 DAGs
[2022-01-26 08:51:55,995] {logging_mixin.py:109} INFO - [2022-01-26 08:51:55,995] {dag.py:2935} INFO - Setting next_dagrun for tutorial_etl_dag to None
[2022-01-26 08:51:56,001] {processor.py:171} INFO - Processing /usr/local/lib/python3.9/site-packages/airflow/example_dags/tutorial_etl_dag.py took 0.064 seconds
[2022-01-26 08:56:03,753] {processor.py:163} INFO - Started process (PID=31023) to work on /usr/local/lib/python3.9/site-packages/airflow/example_dags/tutorial_etl_dag.py
[2022-01-26 08:56:03,754] {processor.py:642} INFO - Processing file /usr/local/lib/python3.9/site-packages/airflow/example_dags/tutorial_etl_dag.py for tasks to queue
[2022-01-26 08:56:03,754] {logging_mixin.py:109} INFO - [2022-01-26 08:56:03,754] {dagbag.py:500} INFO - Filling up the DagBag from /usr/local/lib/python3.9/site-packages/airflow/example_dags/tutorial_etl_dag.py
[2022-01-26 08:56:03,789] {processor.py:654} INFO - DAG(s) dict_keys(['tutorial_etl_dag']) retrieved from /usr/local/lib/python3.9/site-packages/airflow/example_dags/tutorial_etl_dag.py
[2022-01-26 08:56:03,803] {logging_mixin.py:109} INFO - [2022-01-26 08:56:03,803] {dag.py:2396} INFO - Sync 1 DAGs
[2022-01-26 08:56:03,812] {logging_mixin.py:109} INFO - [2022-01-26 08:56:03,812] {dag.py:2935} INFO - Setting next_dagrun for tutorial_etl_dag to None
[2022-01-26 08:56:03,819] {processor.py:171} INFO - Processing /usr/local/lib/python3.9/site-packages/airflow/example_dags/tutorial_etl_dag.py took 0.067 seconds
[2022-01-26 08:57:18,541] {processor.py:163} INFO - Started process (PID=31109) to work on /usr/local/lib/python3.9/site-packages/airflow/example_dags/tutorial_etl_dag.py
[2022-01-26 08:57:18,541] {processor.py:642} INFO - Processing file /usr/local/lib/python3.9/site-packages/airflow/example_dags/tutorial_etl_dag.py for tasks to queue
[2022-01-26 08:57:18,542] {logging_mixin.py:109} INFO - [2022-01-26 08:57:18,542] {dagbag.py:500} INFO - Filling up the DagBag from /usr/local/lib/python3.9/site-packages/airflow/example_dags/tutorial_etl_dag.py
[2022-01-26 08:57:18,584] {processor.py:654} INFO - DAG(s) dict_keys(['tutorial_etl_dag']) retrieved from /usr/local/lib/python3.9/site-packages/airflow/example_dags/tutorial_etl_dag.py
[2022-01-26 08:57:18,599] {logging_mixin.py:109} INFO - [2022-01-26 08:57:18,599] {dag.py:2396} INFO - Sync 1 DAGs
[2022-01-26 08:57:18,607] {logging_mixin.py:109} INFO - [2022-01-26 08:57:18,607] {dag.py:2935} INFO - Setting next_dagrun for tutorial_etl_dag to None
[2022-01-26 08:57:18,616] {processor.py:171} INFO - Processing /usr/local/lib/python3.9/site-packages/airflow/example_dags/tutorial_etl_dag.py took 0.076 seconds
[2022-01-26 08:58:54,763] {processor.py:163} INFO - Started process (PID=31183) to work on /usr/local/lib/python3.9/site-packages/airflow/example_dags/tutorial_etl_dag.py
[2022-01-26 08:58:54,765] {processor.py:642} INFO - Processing file /usr/local/lib/python3.9/site-packages/airflow/example_dags/tutorial_etl_dag.py for tasks to queue
[2022-01-26 08:58:54,766] {logging_mixin.py:109} INFO - [2022-01-26 08:58:54,766] {dagbag.py:500} INFO - Filling up the DagBag from /usr/local/lib/python3.9/site-packages/airflow/example_dags/tutorial_etl_dag.py
[2022-01-26 08:58:54,841] {processor.py:654} INFO - DAG(s) dict_keys(['tutorial_etl_dag']) retrieved from /usr/local/lib/python3.9/site-packages/airflow/example_dags/tutorial_etl_dag.py
[2022-01-26 08:58:54,869] {logging_mixin.py:109} INFO - [2022-01-26 08:58:54,868] {dag.py:2396} INFO - Sync 1 DAGs
[2022-01-26 08:58:54,883] {logging_mixin.py:109} INFO - [2022-01-26 08:58:54,882] {dag.py:2935} INFO - Setting next_dagrun for tutorial_etl_dag to None
[2022-01-26 08:58:54,895] {processor.py:171} INFO - Processing /usr/local/lib/python3.9/site-packages/airflow/example_dags/tutorial_etl_dag.py took 0.133 seconds
