[2022-01-26 08:51:51,269] {processor.py:163} INFO - Started process (PID=30728) to work on /usr/local/lib/python3.9/site-packages/airflow/example_dags/tutorial_taskflow_api_etl_virtualenv.py
[2022-01-26 08:51:51,269] {processor.py:642} INFO - Processing file /usr/local/lib/python3.9/site-packages/airflow/example_dags/tutorial_taskflow_api_etl_virtualenv.py for tasks to queue
[2022-01-26 08:51:51,270] {logging_mixin.py:109} INFO - [2022-01-26 08:51:51,270] {dagbag.py:500} INFO - Filling up the DagBag from /usr/local/lib/python3.9/site-packages/airflow/example_dags/tutorial_taskflow_api_etl_virtualenv.py
[2022-01-26 08:51:51,288] {logging_mixin.py:109} INFO - [2022-01-26 08:51:51,288] {tutorial_taskflow_api_etl_virtualenv.py:29} WARNING - The tutorial_taskflow_api_etl_virtualenv example DAG requires virtualenv, please install it.
[2022-01-26 08:51:51,309] {processor.py:656} WARNING - No viable dags retrieved from /usr/local/lib/python3.9/site-packages/airflow/example_dags/tutorial_taskflow_api_etl_virtualenv.py
[2022-01-26 08:51:51,311] {processor.py:171} INFO - Processing /usr/local/lib/python3.9/site-packages/airflow/example_dags/tutorial_taskflow_api_etl_virtualenv.py took 0.042 seconds
[2022-01-26 08:55:59,916] {processor.py:163} INFO - Started process (PID=31019) to work on /usr/local/lib/python3.9/site-packages/airflow/example_dags/tutorial_taskflow_api_etl_virtualenv.py
[2022-01-26 08:55:59,917] {processor.py:642} INFO - Processing file /usr/local/lib/python3.9/site-packages/airflow/example_dags/tutorial_taskflow_api_etl_virtualenv.py for tasks to queue
[2022-01-26 08:55:59,918] {logging_mixin.py:109} INFO - [2022-01-26 08:55:59,918] {dagbag.py:500} INFO - Filling up the DagBag from /usr/local/lib/python3.9/site-packages/airflow/example_dags/tutorial_taskflow_api_etl_virtualenv.py
[2022-01-26 08:55:59,934] {logging_mixin.py:109} INFO - [2022-01-26 08:55:59,933] {tutorial_taskflow_api_etl_virtualenv.py:29} WARNING - The tutorial_taskflow_api_etl_virtualenv example DAG requires virtualenv, please install it.
[2022-01-26 08:55:59,955] {processor.py:656} WARNING - No viable dags retrieved from /usr/local/lib/python3.9/site-packages/airflow/example_dags/tutorial_taskflow_api_etl_virtualenv.py
[2022-01-26 08:55:59,957] {processor.py:171} INFO - Processing /usr/local/lib/python3.9/site-packages/airflow/example_dags/tutorial_taskflow_api_etl_virtualenv.py took 0.041 seconds
[2022-01-26 08:57:12,861] {processor.py:163} INFO - Started process (PID=31105) to work on /usr/local/lib/python3.9/site-packages/airflow/example_dags/tutorial_taskflow_api_etl_virtualenv.py
[2022-01-26 08:57:12,862] {processor.py:642} INFO - Processing file /usr/local/lib/python3.9/site-packages/airflow/example_dags/tutorial_taskflow_api_etl_virtualenv.py for tasks to queue
[2022-01-26 08:57:12,862] {logging_mixin.py:109} INFO - [2022-01-26 08:57:12,862] {dagbag.py:500} INFO - Filling up the DagBag from /usr/local/lib/python3.9/site-packages/airflow/example_dags/tutorial_taskflow_api_etl_virtualenv.py
[2022-01-26 08:57:12,884] {logging_mixin.py:109} INFO - [2022-01-26 08:57:12,884] {tutorial_taskflow_api_etl_virtualenv.py:29} WARNING - The tutorial_taskflow_api_etl_virtualenv example DAG requires virtualenv, please install it.
[2022-01-26 08:57:12,913] {processor.py:656} WARNING - No viable dags retrieved from /usr/local/lib/python3.9/site-packages/airflow/example_dags/tutorial_taskflow_api_etl_virtualenv.py
[2022-01-26 08:57:12,914] {processor.py:171} INFO - Processing /usr/local/lib/python3.9/site-packages/airflow/example_dags/tutorial_taskflow_api_etl_virtualenv.py took 0.054 seconds
[2022-01-26 08:58:43,939] {processor.py:163} INFO - Started process (PID=31177) to work on /usr/local/lib/python3.9/site-packages/airflow/example_dags/tutorial_taskflow_api_etl_virtualenv.py
[2022-01-26 08:58:43,941] {processor.py:642} INFO - Processing file /usr/local/lib/python3.9/site-packages/airflow/example_dags/tutorial_taskflow_api_etl_virtualenv.py for tasks to queue
[2022-01-26 08:58:43,942] {logging_mixin.py:109} INFO - [2022-01-26 08:58:43,942] {dagbag.py:500} INFO - Filling up the DagBag from /usr/local/lib/python3.9/site-packages/airflow/example_dags/tutorial_taskflow_api_etl_virtualenv.py
[2022-01-26 08:58:43,976] {logging_mixin.py:109} INFO - [2022-01-26 08:58:43,975] {tutorial_taskflow_api_etl_virtualenv.py:29} WARNING - The tutorial_taskflow_api_etl_virtualenv example DAG requires virtualenv, please install it.
[2022-01-26 08:58:44,055] {processor.py:656} WARNING - No viable dags retrieved from /usr/local/lib/python3.9/site-packages/airflow/example_dags/tutorial_taskflow_api_etl_virtualenv.py
[2022-01-26 08:58:44,066] {processor.py:171} INFO - Processing /usr/local/lib/python3.9/site-packages/airflow/example_dags/tutorial_taskflow_api_etl_virtualenv.py took 0.127 seconds
